<?xml version="1.0" encoding="UTF-8"?>
<!-- Generated by org.testng.reporters.JUnitReportReporter -->
<testsuite hostname="EPINHYDW02AF" failures="0" tests="1" name="cpm.epam.Trainings.TestNG.AddNumber" time="2.810" errors="0" timestamp="2022-10-12T01:05:47 IST" skipped="0">
  <testcase classname="cpm.epam.Trainings.TestNG.AddNumber" name="calculate" time="2.810"/>
  <system-out/>
</testsuite> <!-- cpm.epam.Trainings.TestNG.AddNumber -->
